
*** Running vivado
    with args -log and2.vds -m64 -product Vivado -mode batch -messageDb vivado.pb -notrace -source and2.tcl



****** Vivado v2022.2 (64-bit)
  **** SW Build 3671981 on Fri Oct 14 05:00:03 MDT 2022
  **** IP Build 3669848 on Fri Oct 14 08:30:02 MDT 2022
    ** Copyright 1986-2022 Xilinx, Inc. All Rights Reserved.

source and2.tcl -notrace
create_project: Time (s): cpu = 00:00:05 ; elapsed = 00:00:05 . Memory (MB): peak = 422.918 ; gain = 81.047
Command: read_checkpoint -auto_incremental -incremental E:/projects/vivado_fpga/text_project_1/text_project_1.srcs/utils_1/imports/synth_1/and2.dcp
INFO: [Vivado 12-5825] Read reference checkpoint from E:/projects/vivado_fpga/text_project_1/text_project_1.srcs/utils_1/imports/synth_1/and2.dcp for incremental synthesis
INFO: [Vivado 12-7989] Please ensure there are no constraint changes
Command: synth_design -top and2 -part xc7a100tcsg324-1
Starting synth_design
Attempting to get a license for feature 'Synthesis' and/or device 'xc7a100t'
INFO: [Common 17-349] Got license for feature 'Synthesis' and/or device 'xc7a100t'
INFO: [Designutils 20-5440] No compile time benefit to using incremental synthesis; A full resynthesis will be run
INFO: [Designutils 20-4379] Flow is switching to default flow due to incremental criteria not met. If you would like to alter this behaviour and have the flow terminate instead, please set the following parameter config_implementation {autoIncr.Synth.RejectBehavior Terminate}
INFO: [Synth 8-7079] Multithreading enabled for synth_design using a maximum of 2 processes.
INFO: [Synth 8-7078] Launching helper process for spawning children vivado processes
INFO: [Synth 8-7075] Helper process launched with PID 2040
INFO: [Synth 8-11241] undeclared symbol 'REGCCE', assumed default net type 'wire' [E:/xilinx/Vivado/2022.2/data/verilog/src/unimacro/BRAM_SINGLE_MACRO.v:2170]
---------------------------------------------------------------------------------
Starting Synthesize : Time (s): cpu = 00:00:05 ; elapsed = 00:00:04 . Memory (MB): peak = 860.965 ; gain = 406.453
---------------------------------------------------------------------------------
ERROR: [Synth 8-2716] syntax error near 'Behavioral' [E:/projects/vivado_fpga/text_project_1/text_project_1.srcs/sources_1/new/new_signal.vhd:51]
INFO: [Synth 8-10443] VHDL file 'E:/projects/vivado_fpga/text_project_1/text_project_1.srcs/sources_1/new/new_signal.vhd' is ignored due to errors
---------------------------------------------------------------------------------
Finished Synthesize : Time (s): cpu = 00:00:06 ; elapsed = 00:00:05 . Memory (MB): peak = 943.160 ; gain = 488.648
---------------------------------------------------------------------------------
synthesize failed
INFO: [Common 17-83] Releasing license: Synthesis
11 Infos, 0 Warnings, 0 Critical Warnings and 2 Errors encountered.
synth_design failed
ERROR: [Common 17-69] Command failed: Vivado Synthesis failed
INFO: [Common 17-206] Exiting Vivado at Sat Feb 11 15:54:55 2023...
